<?xml version="1.0" encoding="UTF-8"?>
<!-- Generated by org.testng.reporters.JUnitXMLReporter -->
<testsuite ignored="0" hostname="DESKTOP-937A02R" failures="0" tests="4" name="Default test" time="143.192" errors="0" timestamp="28 Aug 2018 06:08:26 GMT">
  <testcase classname="com.qa.TestCase.HomePageTest" name="contactsTest" time="9.954"/>
  <testcase classname="com.qa.TestCase.HomePageTest" name="logotextTest" time="6.687"/>
  <testcase classname="com.qa.TestCase.HomePageTest" name="searchTest" time="4.184"/>
  <testcase classname="com.qa.TestCase.HomePageTest" name="upgradeaccountTest" time="3.998"/>
</testsuite> <!-- Default test -->
