<?xml version="1.0" encoding="UTF-8"?>
<!-- Generated by org.testng.reporters.JUnitXMLReporter -->
<testsuite ignored="0" hostname="DESKTOP-937A02R" failures="0" tests="9" name="Free CRM App Test Cases" time="0.144" errors="0" timestamp="27 Aug 2018 12:37:36 GMT">
  <testcase classname="com.qa.TestCase.LoginPageTest" name="@BeforeMethod setup" time="0.016">
    <failure type="java.lang.NullPointerException">
      <![CDATA[java.lang.NullPointerException
	at com.qa.TestBase.TestBase.intialize(TestBase.java:42)
	at com.qa.TestCase.LoginPageTest.setup(LoginPageTest.java:22)
... Removed 27 stack frames]]>
    </failure>
  </testcase> <!-- @BeforeMethod setup -->
  <testcase classname="com.qa.TestCase.LoginPageTest" name="@BeforeMethod setup" time="0.0">
    <skipped/>
  </testcase> <!-- @BeforeMethod setup -->
  <testcase classname="com.qa.TestCase.LoginPageTest" name="@BeforeMethod setup" time="0.0">
    <skipped/>
  </testcase> <!-- @BeforeMethod setup -->
  <testcase classname="com.qa.TestCase.LoginPageTest" name="@BeforeMethod setup" time="0.0">
    <skipped/>
  </testcase> <!-- @BeforeMethod setup -->
  <testcase classname="com.qa.TestCase.HomePageTest" name="@BeforeMethod setup" time="0.0">
    <failure type="java.lang.NullPointerException">
      <![CDATA[java.lang.NullPointerException
	at com.qa.TestBase.TestBase.intialize(TestBase.java:42)
	at com.qa.TestCase.HomePageTest.setup(HomePageTest.java:28)
... Removed 27 stack frames]]>
    </failure>
  </testcase> <!-- @BeforeMethod setup -->
  <testcase classname="com.qa.TestCase.HomePageTest" name="@BeforeMethod setup" time="0.0">
    <skipped/>
  </testcase> <!-- @BeforeMethod setup -->
  <testcase classname="com.qa.TestCase.HomePageTest" name="@BeforeMethod setup" time="0.0">
    <skipped/>
  </testcase> <!-- @BeforeMethod setup -->
  <testcase classname="com.qa.TestCase.HomePageTest" name="@BeforeMethod setup" time="0.0">
    <skipped/>
  </testcase> <!-- @BeforeMethod setup -->
  <testcase classname="com.qa.TestCase.HomePageTest" name="@BeforeMethod setup" time="0.0">
    <skipped/>
  </testcase> <!-- @BeforeMethod setup -->
  <testcase classname="com.qa.TestCase.LoginPageTest" name="afterlogintest" time="0.0">
    <skipped/>
  </testcase> <!-- afterlogintest -->
  <testcase classname="com.qa.TestCase.LoginPageTest" name="loginpage" time="0.0">
    <skipped/>
  </testcase> <!-- loginpage -->
  <testcase classname="com.qa.TestCase.LoginPageTest" name="loginpagetest" time="0.0">
    <skipped/>
  </testcase> <!-- loginpagetest -->
  <testcase classname="com.qa.TestCase.LoginPageTest" name="signup" time="0.0">
    <skipped/>
  </testcase> <!-- signup -->
  <testcase classname="com.qa.TestCase.HomePageTest" name="contactsTest" time="0.0">
    <skipped/>
  </testcase> <!-- contactsTest -->
  <testcase classname="com.qa.TestCase.HomePageTest" name="homepagetitleTest" time="0.0">
    <skipped/>
  </testcase> <!-- homepagetitleTest -->
  <testcase classname="com.qa.TestCase.HomePageTest" name="logotextTest" time="0.0">
    <skipped/>
  </testcase> <!-- logotextTest -->
  <testcase classname="com.qa.TestCase.HomePageTest" name="searchTest" time="0.0">
    <skipped/>
  </testcase> <!-- searchTest -->
  <testcase classname="com.qa.TestCase.HomePageTest" name="upgradeaccountTest" time="0.0">
    <skipped/>
  </testcase> <!-- upgradeaccountTest -->
</testsuite> <!-- Free CRM App Test Cases -->
